TN:
SF:contracts/GoodEntryCore.sol
FN:81,GoodEntryCore.setPaused
FNDA:2,GoodEntryCore.setPaused
DA:82,1
DA:83,1
FN:89,GoodEntryCore.setTreasury
FNDA:3,GoodEntryCore.setTreasury
DA:90,3
BRDA:90,0,0,-
BRDA:90,0,1,-
DA:91,2
BRDA:91,1,0,-
BRDA:91,1,1,-
DA:92,1
DA:93,1
DA:94,1
FN:99,GoodEntryCore.setPermissionlessVaultCreation
FNDA:2,GoodEntryCore.setPermissionlessVaultCreation
DA:100,1
DA:101,1
FN:106,GoodEntryCore.setVaultUpgradeableBeacon
FNDA:4,GoodEntryCore.setVaultUpgradeableBeacon
DA:107,4
DA:108,4
DA:109,4
FN:114,GoodEntryCore.updateVaultBeacon
FNDA:3,GoodEntryCore.updateVaultBeacon
DA:115,3
BRDA:115,2,0,-
BRDA:115,2,1,-
DA:116,2
BRDA:116,3,0,2
BRDA:116,3,1,-
DA:120,1
DA:121,1
FN:126,GoodEntryCore.updateReferrals
FNDA:2,GoodEntryCore.updateReferrals
DA:127,2
BRDA:127,4,0,-
BRDA:127,4,1,-
DA:128,1
DA:129,1
FN:134,GoodEntryCore.updatePMBeacon
FNDA:2,GoodEntryCore.updatePMBeacon
DA:135,2
BRDA:135,5,0,-
BRDA:135,5,1,-
DA:136,1
DA:137,1
FN:143,GoodEntryCore.createVault
FNDA:6,GoodEntryCore.createVault
DA:144,6
BRDA:144,6,0,-
BRDA:144,6,1,-
DA:145,5
BRDA:145,7,0,5
BRDA:145,7,1,4
DA:146,4
BRDA:146,8,0,-
BRDA:146,8,1,-
DA:149,3
DA:150,3
DA:151,3
BRDA:151,9,0,-
BRDA:151,9,1,-
DA:152,3
DA:155,2
DA:156,2
DA:157,2
DA:159,2
DA:161,2
DA:162,2
FN:167,GoodEntryCore.getVault
FNDA:3,GoodEntryCore.getVault
DA:168,3
FN:173,GoodEntryCore.getVaultId
FNDA:6,GoodEntryCore.getVaultId
DA:174,6
DA:175,6
DA:176,6
DA:177,6
FNF:10
FNH:10
LF:40
LH:40
BRF:20
BRH:3
end_of_record
TN:
SF:contracts/Oracle/GoodEntryOracle.sol
FN:55,GoodEntryOracle.initializer
FNDA:1,GoodEntryOracle.initializer
DA:62,1
BRDA:62,0,0,-
BRDA:62,0,1,-
DA:63,1
DA:64,1
DA:65,1
DA:66,1
DA:67,1
DA:68,1
FN:73,GoodEntryOracle.setAssetSources
FNDA:9,GoodEntryOracle.setAssetSources
DA:74,9
FN:78,GoodEntryOracle.setFallbackOracle
FNDA:1,GoodEntryOracle.setFallbackOracle
DA:79,1
FN:84,GoodEntryOracle.getRiskFreeRate
FNDA:2,GoodEntryOracle.getRiskFreeRate
DA:85,2
FN:89,GoodEntryOracle.setRiskFreeRate
FNDA:1,GoodEntryOracle.setRiskFreeRate
DA:90,1
DA:91,1
FN:94,GoodEntryOracle.getIVMultiplier
FNDA:1,GoodEntryOracle.getIVMultiplier
DA:95,1
FN:99,GoodEntryOracle.setIVMultiplier
FNDA:1,GoodEntryOracle.setIVMultiplier
DA:100,1
DA:101,1
FN:106,GoodEntryOracle.getAssetPriceAtDay
FNDA:20,GoodEntryOracle.getAssetPriceAtDay
DA:107,20
FN:113,GoodEntryOracle.getAssetVolatility
FNDA:4,GoodEntryOracle.getAssetVolatility
DA:114,4
FN:120,GoodEntryOracle._volatility
FNDA:134,GoodEntryOracle._volatility
DA:121,134
BRDA:121,1,0,132
BRDA:121,1,1,2
DA:122,132
DA:123,132
DA:124,132
DA:125,132
DA:127,132
DA:128,1320
DA:129,1320
BRDA:129,2,0,1320
BRDA:129,2,1,612
DA:130,612
DA:131,612
DA:132,612
DA:133,612
DA:135,1320
DA:137,132
DA:138,132
DA:140,132
DA:141,1320
DA:142,1320
DA:145,132
DA:146,132
DA:148,132
DA:150,132
DA:151,132
DA:152,132
FN:157,GoodEntryOracle.snapshotDailyAssetsPrices
FNDA:117,GoodEntryOracle.snapshotDailyAssetsPrices
DA:158,117
DA:159,117
DA:160,117
DA:161,117
DA:162,117
BRDA:162,3,0,117
BRDA:162,3,1,117
DA:163,117
DA:164,117
DA:165,117
DA:166,117
FN:173,GoodEntryOracle.getOptionPrice
FNDA:624,GoodEntryOracle.getOptionPrice
DA:176,624
BRDA:176,4,0,624
BRDA:176,4,1,-
DA:177,624
DA:179,624
DA:180,624
DA:181,624
BRDA:181,5,0,624
BRDA:181,5,1,98
FN:186,GoodEntryOracle.getAdjustedVolatility
FNDA:624,GoodEntryOracle.getAdjustedVolatility
DA:187,624
DA:188,624
DA:189,624
DA:190,624
BRDA:190,6,0,624
BRDA:190,6,1,13
DA:192,624
BRDA:192,7,0,624
BRDA:192,7,1,614
DA:194,624
DA:196,624
FN:201,GoodEntryOracle.getOptionPrice
FNDA:624,GoodEntryOracle.getOptionPrice
DA:204,624
DA:206,624
FNF:14
FNH:14
LF:64
LH:64
BRF:16
BRH:13
end_of_record
TN:
SF:contracts/PositionManager/GoodEntryPositionManager.sol
FN:65,GoodEntryPositionManager.initProxy
FNDA:24,GoodEntryPositionManager.initProxy
DA:66,24
BRDA:66,0,0,-
BRDA:66,0,1,-
DA:67,23
DA:68,23
DA:69,23
DA:70,23
DA:71,23
DA:72,23
FN:77,GoodEntryPositionManager.getParameters
FNDA:5,GoodEntryPositionManager.getParameters
DA:78,5
FN:92,GoodEntryPositionManager.getOpenStrikesLength
FNDA:5,GoodEntryPositionManager.getOpenStrikesLength
DA:92,5
FN:96,GoodEntryPositionManager.getPosition
FNDA:3,GoodEntryPositionManager.getPosition
DA:97,3
FN:101,GoodEntryPositionManager.tokenURI
FNDA:1,GoodEntryPositionManager.tokenURI
DA:102,1
DA:103,1
DA:104,1
DA:105,1
FN:113,GoodEntryPositionManager.openFixedPosition
FNDA:602,GoodEntryPositionManager.openFixedPosition
DA:114,602
BRDA:114,1,0,-
BRDA:114,1,1,-
DA:115,601
BRDA:115,2,0,-
BRDA:115,2,1,-
DA:116,602
BRDA:116,3,0,600
BRDA:116,3,1,-
DA:117,600
DA:118,599
BRDA:118,4,0,175
BRDA:118,4,1,174
DA:119,597
DA:120,599
BRDA:120,5,0,-
BRDA:120,5,1,-
DA:121,599
FN:125,GoodEntryPositionManager.openStreamingPosition
FNDA:15,GoodEntryPositionManager.openStreamingPosition
DA:126,15
BRDA:126,6,0,-
BRDA:126,6,1,-
DA:128,15
FN:135,GoodEntryPositionManager.openPosition
FNDA:610,GoodEntryPositionManager.openPosition
DA:136,610
DA:137,610
DA:138,610
BRDA:138,7,0,5
BRDA:138,7,1,-
DA:140,610
DA:141,610
DA:142,610
BRDA:142,8,0,-
BRDA:142,8,1,-
DA:143,608
DA:146,603
DA:149,15
DA:151,603
DA:152,15
DA:161,603
DA:164,603
DA:165,603
DA:168,603
BRDA:168,9,0,603
BRDA:168,9,1,603
DA:169,603
DA:170,603
DA:173,603
BRDA:173,10,0,427
BRDA:173,10,1,176
DA:174,427
DA:175,427
DA:178,176
DA:179,176
DA:182,603
FN:187,GoodEntryPositionManager.increaseCollateral
FNDA:2,GoodEntryPositionManager.increaseCollateral
DA:188,2
BRDA:188,11,0,-
BRDA:188,11,1,-
DA:189,2
DA:190,2
FN:195,GoodEntryPositionManager.closePosition
FNDA:22,GoodEntryPositionManager.closePosition
DA:196,22
DA:197,21
DA:198,21
DA:199,21
DA:201,21
DA:202,21
BRDA:202,12,0,8
BRDA:202,12,1,1
DA:209,19
DA:211,21
DA:213,19
BRDA:213,13,0,19
BRDA:213,13,1,11
DA:214,19
DA:216,19
DA:217,19
DA:218,19
BRDA:218,14,0,19
BRDA:218,14,1,-
DA:219,0
DA:220,0
DA:222,19
DA:223,19
DA:225,19
BRDA:225,15,0,19
BRDA:225,15,1,4
DA:228,19
BRDA:228,16,0,6
BRDA:228,16,1,-
DA:229,6
DA:230,6
DA:231,6
DA:234,19
BRDA:234,17,0,19
BRDA:234,17,1,13
DA:239,19
BRDA:239,18,0,11
BRDA:239,18,1,8
DA:240,11
DA:241,11
DA:244,8
DA:245,8
DA:247,19
DA:250,19
DA:251,19
DA:252,19
FN:258,GoodEntryPositionManager.checkStrikeOi
FNDA:19,GoodEntryPositionManager.checkStrikeOi
DA:259,19
BRDA:259,19,0,19
BRDA:259,19,1,4
DA:260,19
DA:261,19
BRDA:261,20,0,19
BRDA:261,20,1,4
DA:263,4
DA:264,4
DA:265,4
DA:267,19
DA:268,19
FN:274,GoodEntryPositionManager.getFeesAccumulated
FNDA:22,GoodEntryPositionManager.getFeesAccumulated
DA:275,22
DA:276,22
DA:277,22
BRDA:277,21,0,12
BRDA:277,21,1,2
DA:278,12
DA:279,12
BRDA:279,22,0,12
BRDA:279,22,1,2
DA:282,10
FN:287,GoodEntryPositionManager.getValueAtStrike
FNDA:102030,GoodEntryPositionManager.getValueAtStrike
DA:288,102030
BRDA:288,23,0,102030
BRDA:288,23,1,46077
DA:289,102030
BRDA:289,24,0,102030
BRDA:289,24,1,4681
DA:290,102030
FN:296,GoodEntryPositionManager.getAssetsDue
FNDA:807,GoodEntryPositionManager.getAssetsDue
DA:297,807
BRDA:297,25,0,606
BRDA:297,25,1,-
DA:298,606
DA:299,606
DA:300,51005
DA:301,51005
DA:302,51005
DA:303,51005
FN:310,GoodEntryPositionManager.getOptionCost
FNDA:612,GoodEntryPositionManager.getOptionCost
DA:312,612
DA:314,612
DA:315,612
BRDA:315,26,0,-
BRDA:315,26,1,-
DA:317,612
DA:319,612
DA:322,607
DA:323,607
BRDA:323,27,0,607
BRDA:323,27,1,-
DA:326,607
BRDA:326,28,0,429
BRDA:326,28,1,-
DA:327,178
FN:333,GoodEntryPositionManager.getOptionPrice
FNDA:7,GoodEntryPositionManager.getOptionPrice
DA:334,7
FN:340,GoodEntryPositionManager.getUtilizationRate
FNDA:10,GoodEntryPositionManager.getUtilizationRate
DA:341,10
DA:342,10
FN:347,GoodEntryPositionManager._getUtilizationRate
FNDA:1229,GoodEntryPositionManager._getUtilizationRate
DA:348,1229
DA:349,1229
BRDA:349,29,0,871
BRDA:349,29,1,358
DA:350,358
BRDA:350,30,0,358
BRDA:350,30,1,358
FN:355,GoodEntryPositionManager.getUtilizationRateStatus
FNDA:26,GoodEntryPositionManager.getUtilizationRateStatus
DA:356,26
DA:357,26
DA:358,26
DA:359,26
DA:360,26
FN:365,GoodEntryPositionManager._isEmergencyStrike
FNDA:4,GoodEntryPositionManager._isEmergencyStrike
DA:366,4
BRDA:366,31,0,3
BRDA:366,31,1,1
DA:368,3
DA:369,3
DA:371,3
DA:372,752
BRDA:372,32,0,752
BRDA:372,32,1,500
DA:373,752
BRDA:373,33,0,752
BRDA:373,33,1,1
DA:375,3
FN:383,GoodEntryPositionManager.checkSetApprove
FNDA:30,GoodEntryPositionManager.checkSetApprove
DA:384,30
DA:385,30
BRDA:385,34,0,30
BRDA:385,34,1,19
FN:389,GoodEntryPositionManager.name
FNDA:18,GoodEntryPositionManager.name
DA:390,18
FN:393,GoodEntryPositionManager.symbol
FNDA:18,GoodEntryPositionManager.symbol
DA:394,18
FNF:23
FNH:23
LF:137
LH:135
BRF:70
BRH:47
end_of_record
TN:
SF:contracts/PositionManager/StrikeManager.sol
FN:9,StrikeManager.getStrikeSpacing
FNDA:12206,StrikeManager.getStrikeSpacing
DA:11,12206
BRDA:11,0,0,1262
BRDA:11,0,1,10944
DA:12,10944
BRDA:12,1,0,17
BRDA:12,1,1,10927
DA:14,10927
FN:19,StrikeManager.getStrikeStrictlyAbove
FNDA:596,StrikeManager.getStrikeStrictlyAbove
DA:20,596
DA:21,596
FN:26,StrikeManager.getStrikeAbove
FNDA:21,StrikeManager.getStrikeAbove
DA:27,21
DA:28,21
FN:33,StrikeManager.getStrikeBelow
FNDA:15,StrikeManager.getStrikeBelow
DA:34,15
DA:35,15
FN:40,StrikeManager.getStrikeStrictlyBelow
FNDA:13,StrikeManager.getStrikeStrictlyBelow
DA:41,13
DA:42,13
BRDA:42,2,0,8
BRDA:42,2,1,5
DA:45,8
DA:46,8
DA:48,5
FN:53,StrikeManager.isValidStrike
FNDA:609,StrikeManager.isValidStrike
DA:54,609
DA:55,609
FNF:6
FNH:6
LF:16
LH:16
BRF:6
BRH:6
end_of_record
TN:
SF:contracts/ammPositions/Algebra19Position.sol
FN:18,Algebra19Position.nonFungiblePositionManager
FNDA:105,Algebra19Position.nonFungiblePositionManager
DA:19,105
FN:24,Algebra19Position.initTicks
FNDA:4,Algebra19Position.initTicks
DA:25,4
DA:26,4
DA:27,4
FN:31,Algebra19Position._mint
FNDA:3,Algebra19Position._mint
DA:32,3
DA:33,3
FN:51,Algebra19Position.getLiquidity
FNDA:87,Algebra19Position.getLiquidity
DA:52,87
BRDA:52,0,0,55
BRDA:52,0,1,-
FN:58,Algebra19Position._sqrtPriceX96
FNDA:36,Algebra19Position._sqrtPriceX96
DA:59,36
DA:60,36
DA:61,36
FN:66,Algebra19Position.ammType
FNDA:5,Algebra19Position.ammType
DA:67,5
FNF:6
FNH:6
LF:11
LH:11
BRF:2
BRH:1
end_of_record
TN:
SF:contracts/ammPositions/AmmPositionBase.sol
FN:27,AmmPositionBase.poolPriceMatchesOracle
FNDA:74,AmmPositionBase.poolPriceMatchesOracle
DA:28,74
DA:29,74
DA:30,74
DA:31,74
FN:36,AmmPositionBase.getLifetimeFees
FNDA:4,AmmPositionBase.getLifetimeFees
DA:37,4
FN:42,AmmPositionBase.checkSetApprove
FNDA:93,AmmPositionBase.checkSetApprove
DA:43,93
DA:44,93
BRDA:44,0,0,93
BRDA:44,0,1,18
FN:48,AmmPositionBase._getReserves
FNDA:0,AmmPositionBase._getReserves
FNF:4
FNH:3
LF:7
LH:7
BRF:2
BRH:2
end_of_record
TN:
SF:contracts/ammPositions/UniswapV2Position.sol
FN:23,UniswapV2Position.ammType
FNDA:4,UniswapV2Position.ammType
DA:24,4
FN:29,UniswapV2Position.initAmm
FNDA:4,UniswapV2Position.initAmm
DA:30,4
DA:31,4
BRDA:31,0,0,-
BRDA:31,0,1,-
FN:36,UniswapV2Position.depositAmm
FNDA:11,UniswapV2Position.depositAmm
DA:37,11
BRDA:37,1,0,11
BRDA:37,1,1,-
DA:38,11
DA:39,11
DA:40,11
FN:46,UniswapV2Position.withdrawAmm
FNDA:15,UniswapV2Position.withdrawAmm
DA:47,15
BRDA:47,2,0,-
BRDA:47,2,1,-
DA:48,15
DA:49,15
DA:50,15
BRDA:50,3,0,9
BRDA:50,3,1,-
FN:55,UniswapV2Position._getReserves
FNDA:60,UniswapV2Position._getReserves
DA:56,60
DA:57,60
BRDA:57,4,0,60
BRDA:57,4,1,-
DA:58,60
DA:60,60
DA:61,60
DA:62,60
DA:64,60
FNF:5
FNH:5
LF:18
LH:18
BRF:10
BRH:3
end_of_record
TN:
SF:contracts/ammPositions/UniswapV3Position.sol
FN:27,UniswapV3Position.nonFungiblePositionManager
FNDA:105,UniswapV3Position.nonFungiblePositionManager
DA:28,105
FN:33,UniswapV3Position.initTicks
FNDA:5,UniswapV3Position.initTicks
DA:34,5
DA:35,5
DA:36,5
FN:41,UniswapV3Position.claimFees
FNDA:50,UniswapV3Position.claimFees
DA:42,50
BRDA:42,0,0,44
BRDA:42,0,1,6
DA:43,44
DA:51,44
DA:52,44
BRDA:52,1,0,44
BRDA:52,1,1,4
DA:53,4
DA:54,4
DA:55,4
DA:56,4
FN:62,UniswapV3Position.withdrawAmm
FNDA:43,UniswapV3Position.withdrawAmm
DA:63,43
BRDA:63,2,0,24
BRDA:63,2,1,19
DA:64,24
BRDA:64,3,0,-
BRDA:64,3,1,-
DA:65,22
DA:66,22
DA:75,22
BRDA:75,4,0,22
BRDA:75,4,1,-
DA:76,22
DA:85,22
FN:90,UniswapV3Position.depositAmm
FNDA:28,UniswapV3Position.depositAmm
DA:91,28
DA:92,28
DA:93,28
DA:96,28
BRDA:96,5,0,22
BRDA:96,5,1,-
DA:97,22
DA:107,22
DA:109,6
FN:113,UniswapV3Position._mint
FNDA:3,UniswapV3Position._mint
DA:114,3
DA:115,3
FN:134,UniswapV3Position.getLiquidity
FNDA:89,UniswapV3Position.getLiquidity
DA:135,89
BRDA:135,6,0,55
BRDA:135,6,1,-
FN:140,UniswapV3Position._afterClaimFees
FNDA:0,UniswapV3Position._afterClaimFees
FN:143,UniswapV3Position.ammType
FNDA:8,UniswapV3Position.ammType
DA:144,8
FN:148,UniswapV3Position.getTokenAddresses
FNDA:78,UniswapV3Position.getTokenAddresses
DA:149,78
FN:154,UniswapV3Position._getReserves
FNDA:154,UniswapV3Position._getReserves
DA:155,154
DA:156,154
DA:157,154
BRDA:157,7,0,154
BRDA:157,7,1,72
DA:158,72
DA:159,72
DA:161,154
FN:166,UniswapV3Position._sqrtPriceX96
FNDA:36,UniswapV3Position._sqrtPriceX96
DA:167,36
DA:168,36
DA:169,36
FNF:12
FNH:11
LF:40
LH:40
BRF:16
BRH:11
end_of_record
TN:
SF:contracts/lib/ABDKMath64x64.sol
FN:34,ABDKMath64x64.fromInt
FNDA:0,ABDKMath64x64.fromInt
DA:36,0
BRDA:36,0,0,-
BRDA:36,0,1,-
DA:37,0
FN:48,ABDKMath64x64.toInt
FNDA:0,ABDKMath64x64.toInt
DA:50,0
FN:61,ABDKMath64x64.fromUInt
FNDA:528,ABDKMath64x64.fromUInt
DA:63,528
BRDA:63,1,0,-
BRDA:63,1,1,-
DA:64,528
FN:75,ABDKMath64x64.toUInt
FNDA:132,ABDKMath64x64.toUInt
DA:77,132
BRDA:77,2,0,-
BRDA:77,2,1,-
DA:78,132
FN:89,ABDKMath64x64.from128x128
FNDA:0,ABDKMath64x64.from128x128
DA:91,0
DA:92,0
BRDA:92,3,0,-
BRDA:92,3,1,-
DA:93,0
FN:104,ABDKMath64x64.to128x128
FNDA:0,ABDKMath64x64.to128x128
DA:106,0
FN:117,ABDKMath64x64.add
FNDA:612,ABDKMath64x64.add
DA:119,612
DA:120,612
BRDA:120,4,0,612
BRDA:120,4,1,612
DA:121,612
FN:132,ABDKMath64x64.sub
FNDA:1320,ABDKMath64x64.sub
DA:134,1320
DA:135,1320
BRDA:135,5,0,1320
BRDA:135,5,1,1320
DA:136,1320
FN:147,ABDKMath64x64.mul
FNDA:1584,ABDKMath64x64.mul
DA:149,1584
DA:150,1584
BRDA:150,6,0,1584
BRDA:150,6,1,1584
DA:151,1584
FN:163,ABDKMath64x64.muli
FNDA:0,ABDKMath64x64.muli
DA:165,0
BRDA:165,7,0,-
BRDA:165,7,1,-
DA:166,0
BRDA:166,8,0,-
BRDA:166,8,1,-
DA:168,0
DA:170,0
DA:171,0
BRDA:171,9,0,-
BRDA:171,9,1,-
DA:172,0
DA:173,0
DA:175,0
BRDA:175,10,0,-
BRDA:175,10,1,-
DA:176,0
DA:177,0
DA:179,0
DA:180,0
BRDA:180,11,0,-
BRDA:180,11,1,-
DA:181,0
BRDA:181,12,0,-
BRDA:181,12,1,-
DA:183,0
DA:185,0
BRDA:185,13,0,-
BRDA:185,13,1,-
DA:187,0
FN:201,ABDKMath64x64.mulu
FNDA:0,ABDKMath64x64.mulu
DA:203,0
BRDA:203,14,0,-
BRDA:203,14,1,-
DA:205,0
BRDA:205,15,0,-
BRDA:205,15,1,-
DA:207,0
DA:208,0
DA:210,0
BRDA:210,16,0,-
BRDA:210,16,1,-
DA:211,0
DA:213,0
BRDA:213,17,0,-
BRDA:213,17,1,-
DA:215,0
FN:227,ABDKMath64x64.div
FNDA:264,ABDKMath64x64.div
DA:229,264
BRDA:229,18,0,-
BRDA:229,18,1,-
DA:230,264
DA:231,264
BRDA:231,19,0,264
BRDA:231,19,1,264
DA:232,264
FN:244,ABDKMath64x64.divi
FNDA:0,ABDKMath64x64.divi
DA:246,0
BRDA:246,20,0,-
BRDA:246,20,1,-
DA:248,0
DA:249,0
BRDA:249,21,0,-
BRDA:249,21,1,-
DA:250,0
DA:251,0
DA:253,0
BRDA:253,22,0,-
BRDA:253,22,1,-
DA:254,0
DA:255,0
DA:257,0
DA:258,0
BRDA:258,23,0,-
BRDA:258,23,1,-
DA:259,0
BRDA:259,24,0,-
BRDA:259,24,1,-
DA:260,0
DA:262,0
BRDA:262,25,0,-
BRDA:262,25,1,-
DA:263,0
FN:276,ABDKMath64x64.divu
FNDA:612,ABDKMath64x64.divu
DA:278,612
BRDA:278,26,0,-
BRDA:278,26,1,-
DA:279,612
DA:280,612
BRDA:280,27,0,-
BRDA:280,27,1,-
DA:281,612
FN:291,ABDKMath64x64.neg
FNDA:0,ABDKMath64x64.neg
DA:293,0
BRDA:293,28,0,-
BRDA:293,28,1,-
DA:294,0
FN:304,ABDKMath64x64.abs
FNDA:0,ABDKMath64x64.abs
DA:306,0
BRDA:306,29,0,-
BRDA:306,29,1,-
DA:307,0
FN:318,ABDKMath64x64.inv
FNDA:0,ABDKMath64x64.inv
DA:320,0
BRDA:320,30,0,-
BRDA:320,30,1,-
DA:321,0
DA:322,0
BRDA:322,31,0,-
BRDA:322,31,1,-
DA:323,0
FN:334,ABDKMath64x64.avg
FNDA:0,ABDKMath64x64.avg
DA:336,0
FN:348,ABDKMath64x64.gavg
FNDA:0,ABDKMath64x64.gavg
DA:350,0
DA:351,0
BRDA:351,32,0,-
BRDA:351,32,1,-
DA:352,0
BRDA:352,33,0,-
BRDA:352,33,1,-
DA:354,0
FN:366,ABDKMath64x64.pow
FNDA:0,ABDKMath64x64.pow
DA:368,0
DA:370,0
DA:371,0
DA:372,0
DA:374,0
BRDA:374,34,0,-
BRDA:374,34,1,-
DA:375,0
DA:376,0
DA:377,0
BRDA:377,35,0,-
BRDA:377,35,1,-
DA:378,0
DA:380,0
DA:382,0
BRDA:382,36,0,-
BRDA:382,36,1,-
DA:383,0
DA:385,0
DA:387,0
BRDA:387,37,0,-
BRDA:387,37,1,-
DA:388,0
DA:390,0
DA:392,0
BRDA:392,38,0,-
BRDA:392,38,1,-
DA:393,0
DA:395,0
DA:397,0
DA:400,0
DA:402,0
DA:403,0
BRDA:403,39,0,-
BRDA:403,39,1,-
DA:404,0
BRDA:404,40,0,-
BRDA:404,40,1,-
DA:405,0
BRDA:405,41,0,-
BRDA:405,41,1,-
DA:406,0
BRDA:406,42,0,-
BRDA:406,42,1,-
DA:407,0
BRDA:407,43,0,-
BRDA:407,43,1,-
DA:408,0
BRDA:408,44,0,-
BRDA:408,44,1,-
DA:410,0
DA:411,0
DA:412,0
BRDA:412,45,0,-
BRDA:412,45,1,-
DA:414,0
BRDA:414,46,0,-
BRDA:414,46,1,-
DA:415,0
DA:416,0
DA:417,0
BRDA:417,47,0,-
BRDA:417,47,1,-
DA:418,0
DA:419,0
DA:422,0
DA:423,0
DA:424,0
BRDA:424,48,0,-
BRDA:424,48,1,-
DA:425,0
DA:426,0
DA:429,0
DA:432,0
BRDA:432,49,0,-
BRDA:432,49,1,-
DA:433,0
DA:435,0
DA:436,0
BRDA:436,50,0,-
BRDA:436,50,1,-
DA:437,0
FN:447,ABDKMath64x64.sqrt
FNDA:264,ABDKMath64x64.sqrt
DA:449,264
BRDA:449,51,0,-
BRDA:449,51,1,-
DA:450,264
FN:460,ABDKMath64x64.log_2
FNDA:612,ABDKMath64x64.log_2
DA:462,612
BRDA:462,52,0,-
BRDA:462,52,1,-
DA:464,612
DA:465,612
DA:466,612
BRDA:466,53,0,612
BRDA:466,53,1,372
DA:467,612
BRDA:467,54,0,612
BRDA:467,54,1,240
DA:468,612
BRDA:468,55,0,612
BRDA:468,55,1,240
DA:469,612
BRDA:469,56,0,612
BRDA:469,56,1,240
DA:470,612
BRDA:470,57,0,612
BRDA:470,57,1,240
DA:471,612
BRDA:471,58,0,612
BRDA:471,58,1,240
DA:472,612
BRDA:472,59,0,612
BRDA:472,59,1,261
DA:474,612
DA:475,612
DA:476,612
DA:477,39168
DA:478,39168
DA:479,39168
DA:480,39168
DA:483,612
FN:493,ABDKMath64x64.ln
FNDA:612,ABDKMath64x64.ln
DA:495,612
BRDA:495,60,0,-
BRDA:495,60,1,-
DA:497,612
FN:508,ABDKMath64x64.exp_2
FNDA:0,ABDKMath64x64.exp_2
DA:510,0
BRDA:510,61,0,-
BRDA:510,61,1,-
DA:512,0
BRDA:512,62,0,-
BRDA:512,62,1,-
DA:514,0
DA:516,0
BRDA:516,63,0,-
BRDA:516,63,1,-
DA:517,0
DA:518,0
BRDA:518,64,0,-
BRDA:518,64,1,-
DA:519,0
DA:520,0
BRDA:520,65,0,-
BRDA:520,65,1,-
DA:521,0
DA:522,0
BRDA:522,66,0,-
BRDA:522,66,1,-
DA:523,0
DA:524,0
BRDA:524,67,0,-
BRDA:524,67,1,-
DA:525,0
DA:526,0
BRDA:526,68,0,-
BRDA:526,68,1,-
DA:527,0
DA:528,0
BRDA:528,69,0,-
BRDA:528,69,1,-
DA:529,0
DA:530,0
BRDA:530,70,0,-
BRDA:530,70,1,-
DA:531,0
DA:532,0
BRDA:532,71,0,-
BRDA:532,71,1,-
DA:533,0
DA:534,0
BRDA:534,72,0,-
BRDA:534,72,1,-
DA:535,0
DA:536,0
BRDA:536,73,0,-
BRDA:536,73,1,-
DA:537,0
DA:538,0
BRDA:538,74,0,-
BRDA:538,74,1,-
DA:539,0
DA:540,0
BRDA:540,75,0,-
BRDA:540,75,1,-
DA:541,0
DA:542,0
BRDA:542,76,0,-
BRDA:542,76,1,-
DA:543,0
DA:544,0
BRDA:544,77,0,-
BRDA:544,77,1,-
DA:545,0
DA:546,0
BRDA:546,78,0,-
BRDA:546,78,1,-
DA:547,0
DA:548,0
BRDA:548,79,0,-
BRDA:548,79,1,-
DA:549,0
DA:550,0
BRDA:550,80,0,-
BRDA:550,80,1,-
DA:551,0
DA:552,0
BRDA:552,81,0,-
BRDA:552,81,1,-
DA:553,0
DA:554,0
BRDA:554,82,0,-
BRDA:554,82,1,-
DA:555,0
DA:556,0
BRDA:556,83,0,-
BRDA:556,83,1,-
DA:557,0
DA:558,0
BRDA:558,84,0,-
BRDA:558,84,1,-
DA:559,0
DA:560,0
BRDA:560,85,0,-
BRDA:560,85,1,-
DA:561,0
DA:562,0
BRDA:562,86,0,-
BRDA:562,86,1,-
DA:563,0
DA:564,0
BRDA:564,87,0,-
BRDA:564,87,1,-
DA:565,0
DA:566,0
BRDA:566,88,0,-
BRDA:566,88,1,-
DA:567,0
DA:568,0
BRDA:568,89,0,-
BRDA:568,89,1,-
DA:569,0
DA:570,0
BRDA:570,90,0,-
BRDA:570,90,1,-
DA:571,0
DA:572,0
BRDA:572,91,0,-
BRDA:572,91,1,-
DA:573,0
DA:574,0
BRDA:574,92,0,-
BRDA:574,92,1,-
DA:575,0
DA:576,0
BRDA:576,93,0,-
BRDA:576,93,1,-
DA:577,0
DA:578,0
BRDA:578,94,0,-
BRDA:578,94,1,-
DA:579,0
DA:580,0
BRDA:580,95,0,-
BRDA:580,95,1,-
DA:581,0
DA:582,0
BRDA:582,96,0,-
BRDA:582,96,1,-
DA:583,0
DA:584,0
BRDA:584,97,0,-
BRDA:584,97,1,-
DA:585,0
DA:586,0
BRDA:586,98,0,-
BRDA:586,98,1,-
DA:587,0
DA:588,0
BRDA:588,99,0,-
BRDA:588,99,1,-
DA:589,0
DA:590,0
BRDA:590,100,0,-
BRDA:590,100,1,-
DA:591,0
DA:592,0
BRDA:592,101,0,-
BRDA:592,101,1,-
DA:593,0
DA:594,0
BRDA:594,102,0,-
BRDA:594,102,1,-
DA:595,0
DA:596,0
BRDA:596,103,0,-
BRDA:596,103,1,-
DA:597,0
DA:598,0
BRDA:598,104,0,-
BRDA:598,104,1,-
DA:599,0
DA:600,0
BRDA:600,105,0,-
BRDA:600,105,1,-
DA:601,0
DA:602,0
BRDA:602,106,0,-
BRDA:602,106,1,-
DA:603,0
DA:604,0
BRDA:604,107,0,-
BRDA:604,107,1,-
DA:605,0
DA:606,0
BRDA:606,108,0,-
BRDA:606,108,1,-
DA:607,0
DA:608,0
BRDA:608,109,0,-
BRDA:608,109,1,-
DA:609,0
DA:610,0
BRDA:610,110,0,-
BRDA:610,110,1,-
DA:611,0
DA:612,0
BRDA:612,111,0,-
BRDA:612,111,1,-
DA:613,0
DA:614,0
BRDA:614,112,0,-
BRDA:614,112,1,-
DA:615,0
DA:616,0
BRDA:616,113,0,-
BRDA:616,113,1,-
DA:617,0
DA:618,0
BRDA:618,114,0,-
BRDA:618,114,1,-
DA:619,0
DA:620,0
BRDA:620,115,0,-
BRDA:620,115,1,-
DA:621,0
DA:622,0
BRDA:622,116,0,-
BRDA:622,116,1,-
DA:623,0
DA:624,0
BRDA:624,117,0,-
BRDA:624,117,1,-
DA:625,0
DA:626,0
BRDA:626,118,0,-
BRDA:626,118,1,-
DA:627,0
DA:628,0
BRDA:628,119,0,-
BRDA:628,119,1,-
DA:629,0
DA:630,0
BRDA:630,120,0,-
BRDA:630,120,1,-
DA:631,0
DA:632,0
BRDA:632,121,0,-
BRDA:632,121,1,-
DA:633,0
DA:634,0
BRDA:634,122,0,-
BRDA:634,122,1,-
DA:635,0
DA:636,0
BRDA:636,123,0,-
BRDA:636,123,1,-
DA:637,0
DA:638,0
BRDA:638,124,0,-
BRDA:638,124,1,-
DA:639,0
DA:640,0
BRDA:640,125,0,-
BRDA:640,125,1,-
DA:641,0
DA:642,0
BRDA:642,126,0,-
BRDA:642,126,1,-
DA:643,0
DA:645,0
DA:646,0
BRDA:646,127,0,-
BRDA:646,127,1,-
DA:648,0
FN:658,ABDKMath64x64.exp
FNDA:0,ABDKMath64x64.exp
DA:660,0
BRDA:660,128,0,-
BRDA:660,128,1,-
DA:662,0
BRDA:662,129,0,-
BRDA:662,129,1,-
DA:664,0
FN:677,ABDKMath64x64.divuu
FNDA:612,ABDKMath64x64.divuu
DA:679,612
BRDA:679,130,0,-
BRDA:679,130,1,-
DA:681,612
DA:683,612
BRDA:683,131,0,612
BRDA:683,131,1,-
DA:684,612
DA:686,0
DA:687,0
DA:688,0
BRDA:688,132,0,-
BRDA:688,132,1,-
DA:689,0
BRDA:689,133,0,-
BRDA:689,133,1,-
DA:690,0
BRDA:690,134,0,-
BRDA:690,134,1,-
DA:691,0
BRDA:691,135,0,-
BRDA:691,135,1,-
DA:692,0
BRDA:692,136,0,-
BRDA:692,136,1,-
DA:693,0
BRDA:693,137,0,-
BRDA:693,137,1,-
DA:695,0
DA:696,0
BRDA:696,138,0,-
BRDA:696,138,1,-
DA:698,0
DA:699,0
DA:701,0
DA:702,0
DA:704,0
BRDA:704,139,0,-
BRDA:704,139,1,-
DA:705,0
DA:706,0
DA:707,0
BRDA:707,140,0,-
BRDA:707,140,1,-
DA:708,0
DA:710,0
DA:713,612
BRDA:713,141,0,-
BRDA:713,141,1,-
DA:714,612
FN:725,ABDKMath64x64.sqrtu
FNDA:264,ABDKMath64x64.sqrtu
DA:727,264
BRDA:727,142,0,23
BRDA:727,142,1,241
DA:729,241
DA:730,241
DA:731,241
BRDA:731,143,0,241
BRDA:731,143,1,132
DA:732,241
BRDA:732,144,0,241
BRDA:732,144,1,109
DA:733,241
BRDA:733,145,0,241
BRDA:733,145,1,109
DA:734,241
BRDA:734,146,0,241
BRDA:734,146,1,25
DA:735,241
BRDA:735,147,0,241
BRDA:735,147,1,222
DA:736,241
BRDA:736,148,0,241
BRDA:736,148,1,19
DA:737,241
BRDA:737,149,0,241
BRDA:737,149,1,42
DA:738,241
DA:739,241
DA:740,241
DA:741,241
DA:742,241
DA:743,241
DA:744,241
DA:745,241
DA:746,241
FNF:27
FNH:12
LF:331
LH:68
BRF:300
BRH:39
end_of_record
TN:
SF:contracts/lib/AaveOracle/AaveOracle.sol
FN:63,AaveOracle.setAssetSources
FNDA:0,AaveOracle.setAssetSources
DA:67,0
FN:71,AaveOracle.setFallbackOracle
FNDA:0,AaveOracle.setFallbackOracle
DA:74,0
FN:82,AaveOracle._setAssetsSources
FNDA:10,AaveOracle._setAssetsSources
DA:83,10
BRDA:83,0,0,-
BRDA:83,0,1,-
DA:84,10
DA:85,14
DA:86,14
FN:94,AaveOracle._setFallbackOracle
FNDA:1,AaveOracle._setFallbackOracle
DA:95,1
DA:96,1
FN:100,AaveOracle.getAssetPrice
FNDA:6519,AaveOracle.getAssetPrice
DA:101,6519
DA:103,6519
BRDA:103,1,0,3002
BRDA:103,1,1,3517
DA:104,3002
DA:105,3517
BRDA:105,2,0,1
BRDA:105,2,1,-
DA:106,1
DA:108,3516
DA:109,3516
BRDA:109,3,0,3516
BRDA:109,3,1,-
DA:110,3516
DA:112,0
FN:118,AaveOracle.getAssetsPrices
FNDA:0,AaveOracle.getAssetsPrices
DA:121,0
DA:122,0
DA:123,0
DA:125,0
FN:129,AaveOracle.getSourceOfAsset
FNDA:1,AaveOracle.getSourceOfAsset
DA:130,1
FN:134,AaveOracle.getFallbackOracle
FNDA:0,AaveOracle.getFallbackOracle
DA:135,0
FN:138,AaveOracle._onlyAssetListingOrPoolAdmins
FNDA:0,AaveOracle._onlyAssetListingOrPoolAdmins
DA:139,0
DA:140,0
BRDA:140,4,0,-
BRDA:140,4,1,-
FNF:9
FNH:4
LF:25
LH:15
BRF:10
BRH:4
end_of_record
TN:
SF:contracts/lib/Lyra/BlackScholes.sol
FN:78,BlackScholes.optionPrices
FNDA:624,BlackScholes.optionPrices
DA:79,624
DA:80,624
DA:81,624
DA:82,624
DA:83,624
DA:90,624
DA:91,624
FN:97,BlackScholes.pricesDeltaStdVega
FNDA:0,BlackScholes.pricesDeltaStdVega
DA:98,0
DA:99,0
DA:101,0
DA:108,0
DA:116,0
DA:117,0
DA:119,0
DA:120,0
FN:134,BlackScholes.delta
FNDA:0,BlackScholes.delta
DA:135,0
DA:136,0
DA:138,0
DA:146,0
DA:147,0
FN:153,BlackScholes.vega
FNDA:0,BlackScholes.vega
DA:154,0
DA:155,0
DA:157,0
DA:164,0
FN:179,BlackScholes._d1d2
FNDA:624,BlackScholes._d1d2
DA:189,624
DA:190,624
DA:192,624
DA:193,624
DA:194,624
DA:197,624
DA:198,624
FN:210,BlackScholes._optionPrices
FNDA:624,BlackScholes._optionPrices
DA:218,624
DA:221,624
DA:222,624
DA:227,624
DA:228,624
DA:229,624
FN:240,BlackScholes._delta
FNDA:0,BlackScholes._delta
DA:241,0
DA:242,0
FN:252,BlackScholes._vega
FNDA:0,BlackScholes._vega
DA:253,0
FN:262,BlackScholes._standardVega
FNDA:0,BlackScholes._standardVega
DA:263,0
DA:264,0
DA:265,0
DA:266,0
FN:269,BlackScholes._getVegaNormalisationFactorPrecise
FNDA:0,BlackScholes._getVegaNormalisationFactorPrecise
DA:270,0
DA:271,0
DA:272,0
DA:273,0
FN:284,BlackScholes._sqrt
FNDA:624,BlackScholes._sqrt
DA:285,624
BRDA:285,0,0,624
BRDA:285,0,1,-
DA:286,0
DA:290,624
DA:291,624
DA:292,624
BRDA:292,1,0,624
BRDA:292,1,1,624
DA:293,624
DA:294,624
DA:296,624
BRDA:296,2,0,624
BRDA:296,2,1,-
DA:297,0
DA:298,0
DA:300,624
BRDA:300,3,0,624
BRDA:300,3,1,624
DA:301,624
DA:302,624
DA:304,624
BRDA:304,4,0,624
BRDA:304,4,1,-
DA:305,0
DA:306,0
DA:308,624
BRDA:308,5,0,624
BRDA:308,5,1,624
DA:309,624
DA:310,624
DA:312,624
BRDA:312,6,0,624
BRDA:312,6,1,-
DA:313,0
DA:314,0
DA:316,624
BRDA:316,7,0,624
BRDA:316,7,1,-
DA:317,0
DA:322,624
DA:323,624
DA:324,624
DA:325,624
DA:326,624
DA:327,624
DA:328,624
DA:329,624
DA:330,624
FN:337,BlackScholes._sqrtPrecise
FNDA:624,BlackScholes._sqrtPrecise
DA:340,624
FN:346,BlackScholes._stdNormal
FNDA:0,BlackScholes._stdNormal
DA:347,0
DA:348,0
FN:355,BlackScholes._stdNormalCDF
FNDA:1248,BlackScholes._stdNormalCDF
DA:356,1248
DA:357,1248
DA:359,1248
BRDA:359,8,0,1132
BRDA:359,8,1,116
DA:360,1248
DA:361,1248
BRDA:361,9,0,1132
BRDA:361,9,1,116
DA:362,1132
DA:366,116
DA:376,116
DA:379,1248
FN:385,BlackScholes._stdNormalCDFNumerator
FNDA:1132,BlackScholes._stdNormalCDFNumerator
DA:386,1132
DA:387,1132
FN:393,BlackScholes._stdNormalCDFDenom
FNDA:1132,BlackScholes._stdNormalCDFDenom
DA:394,1132
DA:395,1132
DA:396,1132
FN:404,BlackScholes._annualise
FNDA:624,BlackScholes._annualise
DA:405,624
FN:409,BlackScholes.abs
FNDA:1248,BlackScholes.abs
DA:410,1248
FNF:18
FNH:10
LF:100
LH:62
BRF:20
BRH:15
end_of_record
TN:
SF:contracts/lib/Lyra/DecimalMath.sol
FN:47,DecimalMath.unit
FNDA:0,DecimalMath.unit
DA:48,0
FN:54,DecimalMath.preciseUnit
FNDA:0,DecimalMath.preciseUnit
DA:55,0
FN:67,DecimalMath.multiplyDecimal
FNDA:0,DecimalMath.multiplyDecimal
DA:69,0
FN:84,DecimalMath._multiplyDecimalRound
FNDA:0,DecimalMath._multiplyDecimalRound
DA:86,0
DA:88,0
BRDA:88,0,0,-
BRDA:88,0,1,-
DA:89,0
DA:92,0
FN:107,DecimalMath.multiplyDecimalRoundPrecise
FNDA:0,DecimalMath.multiplyDecimalRoundPrecise
DA:108,0
FN:123,DecimalMath.multiplyDecimalRound
FNDA:0,DecimalMath.multiplyDecimalRound
DA:124,0
FN:136,DecimalMath.divideDecimal
FNDA:0,DecimalMath.divideDecimal
DA:138,0
FN:149,DecimalMath._divideDecimalRound
FNDA:0,DecimalMath._divideDecimalRound
DA:150,0
DA:152,0
BRDA:152,1,0,-
BRDA:152,1,1,-
DA:153,0
DA:156,0
FN:167,DecimalMath.divideDecimalRound
FNDA:0,DecimalMath.divideDecimalRound
DA:168,0
FN:179,DecimalMath.divideDecimalRoundPrecise
FNDA:0,DecimalMath.divideDecimalRoundPrecise
DA:180,0
FN:186,DecimalMath.decimalToPreciseDecimal
FNDA:0,DecimalMath.decimalToPreciseDecimal
DA:187,0
FN:193,DecimalMath.preciseDecimalToDecimal
FNDA:0,DecimalMath.preciseDecimalToDecimal
DA:194,0
DA:196,0
BRDA:196,2,0,-
BRDA:196,2,1,-
DA:197,0
DA:200,0
FNF:12
FNH:0
LF:21
LH:0
BRF:6
BRH:0
end_of_record
TN:
SF:contracts/lib/Lyra/FixedPointMathLib.sol
FN:8,FixedPointMathLib.lnPrecise
FNDA:624,FixedPointMathLib.lnPrecise
DA:9,624
FN:13,FixedPointMathLib.expPrecise
FNDA:1872,FixedPointMathLib.expPrecise
DA:14,1872
FN:20,FixedPointMathLib.ln
FNDA:624,FixedPointMathLib.ln
DA:22,624
BRDA:22,0,0,-
BRDA:22,0,1,-
DA:23,0
BRDA:23,1,0,-
BRDA:23,1,1,-
DA:24,0
DA:35,624
DA:36,624
DA:37,624
DA:41,624
DA:42,624
DA:43,624
DA:44,624
DA:45,624
DA:46,624
DA:47,624
DA:51,624
DA:52,624
DA:53,624
DA:54,624
DA:55,624
DA:56,624
DA:57,624
DA:62,0
DA:72,624
DA:74,624
DA:76,624
DA:78,624
FN:86,FixedPointMathLib.ilog2
FNDA:624,FixedPointMathLib.ilog2
DA:88,0
DA:89,0
DA:90,0
DA:91,0
DA:92,0
DA:93,0
DA:94,0
DA:95,0
FN:100,FixedPointMathLib.exp
FNDA:1872,FixedPointMathLib.exp
DA:106,1872
BRDA:106,2,0,1848
BRDA:106,2,1,24
DA:107,24
DA:112,1848
BRDA:112,3,0,1848
BRDA:112,3,1,-
DA:117,1848
DA:122,1848
DA:123,1848
DA:128,1848
DA:129,1848
DA:130,1848
DA:131,1848
DA:132,1848
DA:135,1848
DA:136,1848
DA:137,1848
DA:138,1848
DA:139,1848
DA:140,1848
DA:145,0
DA:155,1848
FNF:5
FNH:5
LF:54
LH:42
BRF:8
BRH:3
end_of_record
TN:
SF:contracts/lib/Lyra/SignedDecimalMath.sol
FN:46,SignedDecimalMath.unit
FNDA:0,SignedDecimalMath.unit
DA:47,0
FN:53,SignedDecimalMath.preciseUnit
FNDA:0,SignedDecimalMath.preciseUnit
DA:54,0
FN:63,SignedDecimalMath._roundDividingByTen
FNDA:0,SignedDecimalMath._roundDividingByTen
DA:64,0
DA:65,0
BRDA:65,0,0,-
BRDA:65,0,1,-
DA:66,0
DA:67,0
BRDA:67,1,0,-
BRDA:67,1,1,-
DA:68,0
DA:70,0
FN:82,SignedDecimalMath.multiplyDecimal
FNDA:0,SignedDecimalMath.multiplyDecimal
DA:84,0
FN:99,SignedDecimalMath._multiplyDecimalRound
FNDA:0,SignedDecimalMath._multiplyDecimalRound
DA:101,0
DA:102,0
FN:117,SignedDecimalMath.multiplyDecimalRoundPrecise
FNDA:0,SignedDecimalMath.multiplyDecimalRoundPrecise
DA:118,0
FN:133,SignedDecimalMath.multiplyDecimalRound
FNDA:0,SignedDecimalMath.multiplyDecimalRound
DA:134,0
FN:146,SignedDecimalMath.divideDecimal
FNDA:0,SignedDecimalMath.divideDecimal
DA:148,0
FN:159,SignedDecimalMath._divideDecimalRound
FNDA:0,SignedDecimalMath._divideDecimalRound
DA:160,0
DA:161,0
FN:172,SignedDecimalMath.divideDecimalRound
FNDA:0,SignedDecimalMath.divideDecimalRound
DA:173,0
FN:184,SignedDecimalMath.divideDecimalRoundPrecise
FNDA:0,SignedDecimalMath.divideDecimalRoundPrecise
DA:185,0
FN:191,SignedDecimalMath.decimalToPreciseDecimal
FNDA:0,SignedDecimalMath.decimalToPreciseDecimal
DA:192,0
FN:198,SignedDecimalMath.preciseDecimalToDecimal
FNDA:0,SignedDecimalMath.preciseDecimalToDecimal
DA:199,0
DA:200,0
FNF:13
FNH:0
LF:21
LH:0
BRF:4
BRH:0
end_of_record
TN:
SF:contracts/lib/Uniswap/FullMath.sol
FN:14,FullMath.mulDiv
FNDA:0,FullMath.mulDiv
DA:25,0
DA:26,0
DA:29,0
DA:30,0
DA:34,0
BRDA:34,0,0,-
BRDA:34,0,1,-
DA:35,0
BRDA:35,1,0,-
BRDA:35,1,1,-
DA:37,0
DA:39,0
DA:44,0
BRDA:44,2,0,-
BRDA:44,2,1,-
DA:52,0
DA:54,0
DA:58,0
DA:59,0
DA:65,0
DA:68,0
DA:73,0
DA:79,0
DA:81,0
DA:88,0
DA:92,0
DA:93,0
DA:94,0
DA:95,0
DA:96,0
DA:97,0
DA:105,0
DA:106,0
FN:115,FullMath.mulDivRoundingUp
FNDA:0,FullMath.mulDivRoundingUp
DA:121,0
DA:122,0
BRDA:122,3,0,-
BRDA:122,3,1,-
DA:123,0
BRDA:123,4,0,-
BRDA:123,4,1,-
DA:124,0
FNF:2
FNH:0
LF:31
LH:0
BRF:10
BRH:0
end_of_record
TN:
SF:contracts/lib/Uniswap/LiquidityAmounts.sol
FN:10,LiquidityAmounts.toUint128
FNDA:0,LiquidityAmounts.toUint128
DA:11,0
BRDA:11,0,0,-
BRDA:11,0,1,-
FN:20,LiquidityAmounts.getLiquidityForAmount0
FNDA:0,LiquidityAmounts.getLiquidityForAmount0
DA:25,0
BRDA:25,1,0,-
BRDA:25,1,1,-
DA:26,0
DA:27,0
DA:28,0
DA:29,0
DA:30,0
FN:45,LiquidityAmounts.getLiquidityForAmount1
FNDA:0,LiquidityAmounts.getLiquidityForAmount1
DA:50,0
BRDA:50,2,0,-
BRDA:50,2,1,-
DA:51,0
DA:52,0
DA:53,0
FN:64,LiquidityAmounts.getLiquidityForAmounts
FNDA:0,LiquidityAmounts.getLiquidityForAmounts
DA:71,0
BRDA:71,3,0,-
BRDA:71,3,1,-
DA:72,0
DA:74,0
BRDA:74,4,0,-
BRDA:74,4,1,-
DA:75,0
DA:80,0
BRDA:80,5,0,-
BRDA:80,5,1,-
DA:81,0
DA:82,0
DA:83,0
DA:84,0
DA:86,0
DA:88,0
FN:101,LiquidityAmounts.getAmount0ForLiquidity
FNDA:0,LiquidityAmounts.getAmount0ForLiquidity
DA:106,0
BRDA:106,6,0,-
BRDA:106,6,1,-
DA:107,0
DA:109,0
DA:110,0
FN:122,LiquidityAmounts.getAmount1ForLiquidity
FNDA:0,LiquidityAmounts.getAmount1ForLiquidity
DA:127,0
BRDA:127,7,0,-
BRDA:127,7,1,-
DA:128,0
DA:130,0
DA:131,0
FN:140,LiquidityAmounts.getAmountsForLiquidity
FNDA:0,LiquidityAmounts.getAmountsForLiquidity
DA:146,0
BRDA:146,8,0,-
BRDA:146,8,1,-
DA:147,0
DA:149,0
BRDA:149,9,0,-
BRDA:149,9,1,-
DA:150,0
DA:155,0
BRDA:155,10,0,-
BRDA:155,10,1,-
DA:156,0
DA:161,0
DA:167,0
FNF:7
FNH:0
LF:38
LH:0
BRF:22
BRH:0
end_of_record
TN:
SF:contracts/lib/Uniswap/TickMath.sol
FN:26,TickMath.getSqrtRatioAtTick
FNDA:0,TickMath.getSqrtRatioAtTick
DA:28,0
DA:29,0
BRDA:29,0,0,-
BRDA:29,0,1,-
DA:31,0
DA:34,0
BRDA:34,1,0,-
BRDA:34,1,1,-
DA:35,0
BRDA:35,2,0,-
BRDA:35,2,1,-
DA:36,0
BRDA:36,3,0,-
BRDA:36,3,1,-
DA:37,0
BRDA:37,4,0,-
BRDA:37,4,1,-
DA:38,0
BRDA:38,5,0,-
BRDA:38,5,1,-
DA:39,0
BRDA:39,6,0,-
BRDA:39,6,1,-
DA:40,0
BRDA:40,7,0,-
BRDA:40,7,1,-
DA:41,0
BRDA:41,8,0,-
BRDA:41,8,1,-
DA:42,0
BRDA:42,9,0,-
BRDA:42,9,1,-
DA:43,0
BRDA:43,10,0,-
BRDA:43,10,1,-
DA:44,0
BRDA:44,11,0,-
BRDA:44,11,1,-
DA:45,0
BRDA:45,12,0,-
BRDA:45,12,1,-
DA:46,0
BRDA:46,13,0,-
BRDA:46,13,1,-
DA:47,0
BRDA:47,14,0,-
BRDA:47,14,1,-
DA:48,0
BRDA:48,15,0,-
BRDA:48,15,1,-
DA:49,0
BRDA:49,16,0,-
BRDA:49,16,1,-
DA:50,0
BRDA:50,17,0,-
BRDA:50,17,1,-
DA:51,0
BRDA:51,18,0,-
BRDA:51,18,1,-
DA:52,0
BRDA:52,19,0,-
BRDA:52,19,1,-
DA:54,0
BRDA:54,20,0,-
BRDA:54,20,1,-
DA:59,0
FN:68,TickMath.getTickAtSqrtRatio
FNDA:0,TickMath.getTickAtSqrtRatio
DA:71,0
BRDA:71,21,0,-
BRDA:71,21,1,-
DA:72,0
DA:74,0
DA:75,0
DA:79,0
DA:80,0
DA:84,0
DA:85,0
DA:89,0
DA:90,0
DA:94,0
DA:95,0
DA:99,0
DA:100,0
DA:104,0
DA:105,0
DA:109,0
DA:110,0
DA:114,0
DA:117,0
BRDA:117,22,0,-
BRDA:117,22,1,-
DA:118,0
DA:120,0
DA:123,0
DA:125,0
DA:126,0
DA:129,0
DA:131,0
DA:132,0
DA:135,0
DA:137,0
DA:138,0
DA:141,0
DA:143,0
DA:144,0
DA:147,0
DA:149,0
DA:150,0
DA:153,0
DA:155,0
DA:156,0
DA:159,0
DA:161,0
DA:162,0
DA:165,0
DA:167,0
DA:168,0
DA:171,0
DA:173,0
DA:174,0
DA:177,0
DA:179,0
DA:180,0
DA:183,0
DA:185,0
DA:186,0
DA:189,0
DA:191,0
DA:192,0
DA:195,0
DA:197,0
DA:198,0
DA:201,0
DA:203,0
DA:206,0
DA:208,0
DA:209,0
DA:211,0
FNF:2
FNH:0
LF:91
LH:0
BRF:46
BRH:0
end_of_record
TN:
SF:contracts/referrals/Referrals.sol
FN:34,Referrals.setReferralDiscounts
FNDA:5,Referrals.setReferralDiscounts
DA:35,5
BRDA:35,0,0,5
BRDA:35,0,1,2
DA:36,1
DA:37,1
DA:38,1
DA:39,1
DA:40,5
FN:45,Referrals.registerName
FNDA:4,Referrals.registerName
DA:46,4
BRDA:46,1,0,-
BRDA:46,1,1,-
DA:47,4
FN:51,Referrals.registerReferrer
FNDA:3,Referrals.registerReferrer
DA:52,3
DA:53,3
BRDA:53,2,0,-
BRDA:53,2,1,-
DA:54,3
BRDA:54,3,0,-
BRDA:54,3,1,-
DA:55,2
BRDA:55,4,0,-
BRDA:55,4,1,-
DA:56,3
DA:57,3
FN:61,Referrals.getReferrer
FNDA:632,Referrals.getReferrer
DA:62,632
FN:66,Referrals.getRefereesLength
FNDA:1,Referrals.getRefereesLength
DA:67,1
FN:71,Referrals.getReferee
FNDA:1,Referrals.getReferee
DA:72,1
FN:77,Referrals.getReferralParameters
FNDA:631,Referrals.getReferralParameters
DA:78,631
DA:79,631
BRDA:79,5,0,2
BRDA:79,5,1,2
DA:81,4
DA:83,2
FN:91,Referrals.setVip
FNDA:5,Referrals.setVip
DA:92,5
DA:93,5
FN:97,Referrals.addVipNft
FNDA:7,Referrals.addVipNft
DA:98,7
BRDA:98,6,0,-
BRDA:98,6,1,-
DA:99,6
BRDA:99,7,0,-
BRDA:99,7,1,-
DA:100,5
DA:101,5
FN:105,Referrals.removeVipNft
FNDA:3,Referrals.removeVipNft
DA:106,3
DA:107,6
BRDA:107,8,0,3
BRDA:107,8,1,1
DA:108,3
BRDA:108,9,0,3
BRDA:108,9,1,1
DA:109,3
DA:110,3
FN:116,Referrals.isVip
FNDA:23,Referrals.isVip
DA:117,23
BRDA:117,10,0,18
BRDA:117,10,1,5
DA:118,18
DA:119,23
BRDA:119,11,0,23
BRDA:119,11,1,-
DA:120,13
FNF:11
FNH:11
LF:36
LH:36
BRF:24
BRH:11
end_of_record
TN:
SF:contracts/vaults/FeeStreamer.sol
FN:23,FeeStreamer.reserveFees
FNDA:13,FeeStreamer.reserveFees
DA:24,13
DA:25,13
BRDA:25,0,0,13
BRDA:25,0,1,3
DA:26,13
BRDA:26,1,0,13
BRDA:26,1,1,10
DA:27,13
BRDA:27,2,0,13
BRDA:27,2,1,13
FN:32,FeeStreamer.getPendingFees
FNDA:285,FeeStreamer.getPendingFees
DA:34,285
DA:35,285
DA:36,285
DA:37,285
FNF:2
FNH:2
LF:8
LH:8
BRF:6
BRH:6
end_of_record
TN:
SF:contracts/vaults/GoodEntryVaultAlgebra19.sol
FN:18,GoodEntryVaultAlgebra19.initProxy
FNDA:4,GoodEntryVaultAlgebra19.initProxy
DA:21,4
DA:23,4
FN:28,GoodEntryVaultAlgebra19.withdrawAmm
FNDA:21,GoodEntryVaultAlgebra19.withdrawAmm
DA:29,21
FN:34,GoodEntryVaultAlgebra19.depositAmm
FNDA:14,GoodEntryVaultAlgebra19.depositAmm
DA:35,14
FN:40,GoodEntryVaultAlgebra19.getAmmAmounts
FNDA:51,GoodEntryVaultAlgebra19.getAmmAmounts
DA:41,51
FN:46,GoodEntryVaultAlgebra19.sendToTreasury
FNDA:2,GoodEntryVaultAlgebra19.sendToTreasury
DA:47,2
DA:49,2
BRDA:49,0,0,2
BRDA:49,0,1,1
DA:50,2
BRDA:50,1,0,2
BRDA:50,1,1,1
FN:55,GoodEntryVaultAlgebra19._afterClaimFees
FNDA:2,GoodEntryVaultAlgebra19._afterClaimFees
DA:56,2
DA:57,2
DA:58,2
DA:59,2
BRDA:59,2,0,2
BRDA:59,2,1,2
DA:60,2
DA:61,2
DA:62,2
FN:67,GoodEntryVaultAlgebra19.poolPriceMatchesOracle
FNDA:25,GoodEntryVaultAlgebra19.poolPriceMatchesOracle
DA:68,25
FN:71,GoodEntryVaultAlgebra19.ammType
FNDA:5,GoodEntryVaultAlgebra19.ammType
DA:72,5
FNF:8
FNH:8
LF:17
LH:17
BRF:6
BRH:6
end_of_record
TN:
SF:contracts/vaults/GoodEntryVaultBase.sol
FN:41,GoodEntryVaultBase.initProxy
FNDA:16,GoodEntryVaultBase.initProxy
DA:42,16
BRDA:42,0,0,-
BRDA:42,0,1,-
DA:43,16
BRDA:43,1,0,16
BRDA:43,1,1,16
DA:44,16
DA:45,16
DA:46,16
DA:47,16
DA:48,16
DA:49,16
DA:50,16
DA:51,0
FN:61,GoodEntryVaultBase.withdraw
FNDA:40,GoodEntryVaultBase.withdraw
DA:62,40
FN:68,GoodEntryVaultBase.withdrawOnBehalf
FNDA:2,GoodEntryVaultBase.withdrawOnBehalf
DA:69,2
BRDA:69,2,0,-
BRDA:69,2,1,-
DA:70,2
FN:74,GoodEntryVaultBase._withdraw
FNDA:41,GoodEntryVaultBase._withdraw
DA:75,41
BRDA:75,3,0,41
BRDA:75,3,1,14
DA:76,37
BRDA:76,4,0,-
BRDA:76,4,1,-
DA:77,33
BRDA:77,5,0,33
BRDA:77,5,1,5
DA:78,33
BRDA:78,6,0,29
BRDA:78,6,1,4
DA:80,29
BRDA:80,7,0,29
BRDA:80,7,1,28
DA:81,27
DA:83,27
DA:84,27
DA:85,27
DA:86,27
DA:88,27
DA:89,19
DA:90,27
DA:91,25
DA:93,25
BRDA:93,8,0,5
BRDA:93,8,1,-
DA:94,5
DA:95,5
DA:96,5
BRDA:96,9,0,-
BRDA:96,9,1,-
DA:99,20
DA:103,25
DA:104,5
DA:106,25
DA:107,25
BRDA:107,10,0,-
BRDA:107,10,1,-
DA:109,0
DA:110,24
FN:120,GoodEntryVaultBase.deposit
FNDA:50,GoodEntryVaultBase.deposit
DA:121,50
BRDA:121,11,0,50
BRDA:121,11,1,8
DA:122,46
BRDA:122,12,0,46
BRDA:122,12,1,-
DA:123,42
BRDA:123,13,0,42
BRDA:123,13,1,20
DA:124,38
BRDA:124,14,0,-
BRDA:124,14,1,-
DA:126,27
DA:127,38
DA:128,38
DA:130,38
BRDA:130,15,0,5
BRDA:130,15,1,-
DA:131,8
BRDA:131,16,0,-
BRDA:131,16,1,-
DA:133,5
DA:134,5
DA:137,30
DA:141,5
DA:142,5
DA:143,31
DA:145,31
BRDA:145,17,0,31
BRDA:145,17,1,4
DA:147,27
DA:149,27
BRDA:149,18,0,11
BRDA:149,18,1,16
DA:150,11
DA:152,16
DA:154,0
DA:155,31
BRDA:155,19,0,-
BRDA:155,19,1,-
DA:156,27
DA:157,0
DA:159,27
BRDA:159,20,0,27
BRDA:159,20,1,11
DA:160,27
FN:166,GoodEntryVaultBase.updateUserBalance
FNDA:27,GoodEntryVaultBase.updateUserBalance
DA:167,27
DA:168,27
FN:172,GoodEntryVaultBase.setWithdrawalIntent
FNDA:5,GoodEntryVaultBase.setWithdrawalIntent
DA:173,5
BRDA:173,21,0,-
BRDA:173,21,1,-
DA:174,5
DA:175,5
BRDA:175,22,0,5
BRDA:175,22,1,1
DA:176,5
DA:177,5
FN:181,GoodEntryVaultBase._beforeTokenTransfer
FNDA:67,GoodEntryVaultBase._beforeTokenTransfer
DA:182,67
DA:183,67
DA:184,67
FN:192,GoodEntryVaultBase.borrow
FNDA:10,GoodEntryVaultBase.borrow
DA:193,10
BRDA:193,23,0,10
BRDA:193,23,1,-
DA:194,6
DA:195,10
BRDA:195,24,0,10
BRDA:195,24,1,-
DA:197,10
DA:198,0
DA:199,10
FN:204,GoodEntryVaultBase.repay
FNDA:9,GoodEntryVaultBase.repay
DA:205,9
BRDA:205,25,0,-
BRDA:205,25,1,-
DA:206,9
BRDA:206,26,0,-
BRDA:206,26,1,-
DA:207,6
DA:209,9
BRDA:209,27,0,4
BRDA:209,27,1,5
DA:211,5
DA:212,5
DA:214,9
DA:215,9
BRDA:215,28,0,8
BRDA:215,28,1,-
DA:216,8
DA:217,8
DA:219,0
DA:220,9
FN:227,GoodEntryVaultBase.getAmmAmounts
FNDA:61,GoodEntryVaultBase.getAmmAmounts
FN:229,GoodEntryVaultBase.withdrawAmm
FNDA:0,GoodEntryVaultBase.withdrawAmm
FN:231,GoodEntryVaultBase.depositAmm
FNDA:0,GoodEntryVaultBase.depositAmm
FN:233,GoodEntryVaultBase.poolPriceMatchesOracle
FNDA:14,GoodEntryVaultBase.poolPriceMatchesOracle
DA:233,14
FN:237,GoodEntryVaultBase.deployAssets
FNDA:70,GoodEntryVaultBase.deployAssets
DA:238,70
BRDA:238,29,0,70
BRDA:238,29,1,-
DA:240,70
DA:241,70
DA:242,70
DA:244,70
BRDA:244,30,0,70
BRDA:244,30,1,54
DA:245,54
FN:250,GoodEntryVaultBase.getReserves
FNDA:181,GoodEntryVaultBase.getReserves
DA:251,181
DA:252,181
FN:258,GoodEntryVaultBase.getAdjustedReserves
FNDA:16,GoodEntryVaultBase.getAdjustedReserves
DA:259,16
DA:260,16
DA:261,16
BRDA:261,31,0,16
BRDA:261,31,1,2
DA:262,2
DA:263,2
DA:264,2
FN:269,GoodEntryVaultBase._getVaultReserves
FNDA:197,GoodEntryVaultBase._getVaultReserves
DA:270,197
DA:273,197
DA:274,197
DA:275,197
DA:278,197
DA:279,197
DA:280,197
FN:287,GoodEntryVaultBase.getAdjustedBaseFee
FNDA:77,GoodEntryVaultBase.getAdjustedBaseFee
DA:288,77
DA:289,77
DA:290,77
DA:291,77
DA:293,77
BRDA:293,32,0,40
BRDA:293,32,1,37
DA:294,37
DA:297,77
BRDA:297,33,0,77
BRDA:297,33,1,50
DA:298,77
BRDA:298,34,0,77
BRDA:298,34,1,16
FN:312,GoodEntryVaultBase.checkSetApprove
FNDA:0,GoodEntryVaultBase.checkSetApprove
DA:313,0
DA:314,0
BRDA:314,35,0,-
BRDA:314,35,1,-
FN:319,GoodEntryVaultBase.getBasePrice
FNDA:53,GoodEntryVaultBase.getBasePrice
DA:320,53
FN:325,GoodEntryVaultBase.tokens
FNDA:1,GoodEntryVaultBase.tokens
DA:326,1
FN:330,GoodEntryVaultBase.ammType
FNDA:3,GoodEntryVaultBase.ammType
DA:331,3
FN:336,GoodEntryVaultBase.name
FNDA:3,GoodEntryVaultBase.name
DA:337,3
FN:340,GoodEntryVaultBase.symbol
FNDA:3,GoodEntryVaultBase.symbol
DA:341,3
FNF:25
FNH:22
LF:129
LH:121
BRF:72
BRH:41
end_of_record
TN:
SF:contracts/vaults/GoodEntryVaultUniV2.sol
FN:17,GoodEntryVaultUniV2.initProxy
FNDA:4,GoodEntryVaultUniV2.initProxy
DA:20,4
DA:21,4
FN:26,GoodEntryVaultUniV2.withdrawAmm
FNDA:15,GoodEntryVaultUniV2.withdrawAmm
DA:27,15
FN:32,GoodEntryVaultUniV2.depositAmm
FNDA:11,GoodEntryVaultUniV2.depositAmm
DA:33,11
FN:38,GoodEntryVaultUniV2.getAmmAmounts
FNDA:36,GoodEntryVaultUniV2.getAmmAmounts
DA:39,36
FN:43,GoodEntryVaultUniV2.poolPriceMatchesOracle
FNDA:24,GoodEntryVaultUniV2.poolPriceMatchesOracle
DA:44,24
FN:48,GoodEntryVaultUniV2.ammType
FNDA:4,GoodEntryVaultUniV2.ammType
DA:49,4
FNF:6
FNH:6
LF:7
LH:7
BRF:0
BRH:0
end_of_record
TN:
SF:contracts/vaults/GoodEntryVaultUniV3.sol
FN:18,GoodEntryVaultUniV3.initProxy
FNDA:5,GoodEntryVaultUniV3.initProxy
DA:21,5
DA:22,5
FN:27,GoodEntryVaultUniV3.withdrawAmm
FNDA:22,GoodEntryVaultUniV3.withdrawAmm
DA:28,22
FN:33,GoodEntryVaultUniV3.depositAmm
FNDA:14,GoodEntryVaultUniV3.depositAmm
DA:34,14
FN:39,GoodEntryVaultUniV3.getAmmAmounts
FNDA:53,GoodEntryVaultUniV3.getAmmAmounts
DA:40,53
FN:45,GoodEntryVaultUniV3.sendToTreasury
FNDA:2,GoodEntryVaultUniV3.sendToTreasury
DA:46,2
DA:48,2
BRDA:48,0,0,2
BRDA:48,0,1,1
DA:49,2
BRDA:49,1,0,2
BRDA:49,1,1,1
FN:54,GoodEntryVaultUniV3._afterClaimFees
FNDA:2,GoodEntryVaultUniV3._afterClaimFees
DA:55,2
DA:56,2
DA:57,2
DA:58,2
BRDA:58,2,0,2
BRDA:58,2,1,2
DA:59,2
DA:60,2
DA:61,2
FN:66,GoodEntryVaultUniV3.poolPriceMatchesOracle
FNDA:25,GoodEntryVaultUniV3.poolPriceMatchesOracle
DA:67,25
FN:71,GoodEntryVaultUniV3.ammType
FNDA:8,GoodEntryVaultUniV3.ammType
DA:72,8
FNF:8
FNH:8
LF:17
LH:17
BRF:6
BRH:6
end_of_record
TN:
SF:contracts/vaults/VaultConfigurator.sol
FN:35,VaultConfigurator.initializeConfig
FNDA:16,VaultConfigurator.initializeConfig
DA:36,16
DA:37,16
FN:45,VaultConfigurator.setAmmPositionShare
FNDA:18,VaultConfigurator.setAmmPositionShare
DA:46,18
BRDA:46,0,0,-
BRDA:46,0,1,-
DA:47,17
DA:48,17
FN:54,VaultConfigurator.setBaseFee
FNDA:18,VaultConfigurator.setBaseFee
DA:55,18
BRDA:55,1,0,-
BRDA:55,1,1,-
DA:56,17
DA:57,17
FN:63,VaultConfigurator.setTvlCap
FNDA:9,VaultConfigurator.setTvlCap
DA:64,9
DA:65,9
FNF:4
FNH:4
LF:10
LH:10
BRF:4
BRH:0
end_of_record
TN:
SF:script/Deploy.sol
FN:17,DeployScript.setUp
FNDA:0,DeployScript.setUp
FN:19,DeployScript.run
FNDA:0,DeployScript.run
DA:20,0
DA:21,0
DA:23,0
DA:28,0
FN:33,DeployScript.update_oracle
FNDA:0,DeployScript.update_oracle
DA:34,0
DA:35,0
DA:36,0
DA:37,0
DA:38,0
DA:39,0
DA:41,0
DA:42,0
DA:44,0
DA:47,0
DA:48,0
FN:54,DeployScript.update_vaults
FNDA:0,DeployScript.update_vaults
DA:55,0
DA:56,0
DA:57,0
DA:58,0
DA:60,0
DA:61,0
DA:62,0
DA:63,0
DA:64,0
DA:65,0
DA:67,0
DA:68,0
DA:69,0
DA:72,0
DA:73,0
DA:74,0
DA:75,0
FN:80,DeployScript.update_pm
FNDA:0,DeployScript.update_pm
DA:81,0
DA:83,0
DA:84,0
DA:85,0
DA:86,0
FN:93,DeployScript.deploy_simple
FNDA:0,DeployScript.deploy_simple
DA:94,0
DA:95,0
DA:97,0
DA:99,0
DA:100,0
DA:101,0
DA:102,0
DA:105,0
FN:110,DeployScript.deployOracle
FNDA:0,DeployScript.deployOracle
DA:111,0
DA:112,0
DA:113,0
DA:114,0
DA:115,0
DA:116,0
DA:117,0
DA:118,0
DA:119,0
DA:120,0
DA:121,0
DA:122,0
DA:123,0
DA:124,0
DA:125,0
DA:126,0
DA:127,0
DA:128,0
FN:132,DeployScript.deploy_vault_implementations
FNDA:0,DeployScript.deploy_vault_implementations
DA:133,0
DA:134,0
DA:135,0
DA:136,0
DA:138,0
DA:140,0
DA:141,0
DA:142,0
DA:143,0
DA:145,0
DA:146,0
DA:147,0
DA:148,0
DA:150,0
DA:152,0
FNF:8
FNH:0
LF:78
LH:0
BRF:0
BRH:0
end_of_record
TN:
SF:src/BlackScholes.sol
FN:78,BlackScholes.optionPrices
FNDA:0,BlackScholes.optionPrices
DA:79,0
DA:80,0
DA:81,0
DA:82,0
DA:83,0
DA:90,0
DA:91,0
FN:97,BlackScholes.pricesDeltaStdVega
FNDA:0,BlackScholes.pricesDeltaStdVega
DA:98,0
DA:99,0
DA:101,0
DA:108,0
DA:116,0
DA:117,0
DA:119,0
DA:120,0
FN:134,BlackScholes.delta
FNDA:0,BlackScholes.delta
DA:135,0
DA:136,0
DA:138,0
DA:146,0
DA:147,0
FN:153,BlackScholes.vega
FNDA:0,BlackScholes.vega
DA:154,0
DA:155,0
DA:157,0
DA:164,0
FN:179,BlackScholes._d1d2
FNDA:0,BlackScholes._d1d2
DA:189,0
DA:190,0
DA:192,0
DA:193,0
DA:194,0
DA:197,0
DA:198,0
FN:210,BlackScholes._optionPrices
FNDA:0,BlackScholes._optionPrices
DA:218,0
DA:221,0
DA:222,0
DA:227,0
DA:228,0
DA:229,0
FN:240,BlackScholes._delta
FNDA:0,BlackScholes._delta
DA:241,0
DA:242,0
FN:252,BlackScholes._vega
FNDA:0,BlackScholes._vega
DA:253,0
FN:262,BlackScholes._standardVega
FNDA:0,BlackScholes._standardVega
DA:263,0
DA:264,0
DA:265,0
DA:266,0
FN:269,BlackScholes._getVegaNormalisationFactorPrecise
FNDA:0,BlackScholes._getVegaNormalisationFactorPrecise
DA:270,0
DA:271,0
DA:272,0
DA:273,0
FN:284,BlackScholes._sqrt
FNDA:0,BlackScholes._sqrt
DA:285,0
BRDA:285,0,0,-
BRDA:285,0,1,-
DA:286,0
DA:290,0
DA:291,0
DA:292,0
BRDA:292,1,0,-
BRDA:292,1,1,-
DA:293,0
DA:294,0
DA:296,0
BRDA:296,2,0,-
BRDA:296,2,1,-
DA:297,0
DA:298,0
DA:300,0
BRDA:300,3,0,-
BRDA:300,3,1,-
DA:301,0
DA:302,0
DA:304,0
BRDA:304,4,0,-
BRDA:304,4,1,-
DA:305,0
DA:306,0
DA:308,0
BRDA:308,5,0,-
BRDA:308,5,1,-
DA:309,0
DA:310,0
DA:312,0
BRDA:312,6,0,-
BRDA:312,6,1,-
DA:313,0
DA:314,0
DA:316,0
BRDA:316,7,0,-
BRDA:316,7,1,-
DA:317,0
DA:322,0
DA:323,0
DA:324,0
DA:325,0
DA:326,0
DA:327,0
DA:328,0
DA:329,0
DA:330,0
FN:337,BlackScholes._sqrtPrecise
FNDA:0,BlackScholes._sqrtPrecise
DA:340,0
FN:346,BlackScholes._stdNormal
FNDA:0,BlackScholes._stdNormal
DA:347,0
DA:348,0
FN:355,BlackScholes._stdNormalCDF
FNDA:0,BlackScholes._stdNormalCDF
DA:356,0
DA:357,0
DA:359,0
BRDA:359,8,0,-
BRDA:359,8,1,-
DA:360,0
DA:361,0
BRDA:361,9,0,-
BRDA:361,9,1,-
DA:362,0
DA:366,0
DA:376,0
DA:379,0
FN:385,BlackScholes._stdNormalCDFNumerator
FNDA:0,BlackScholes._stdNormalCDFNumerator
DA:386,0
DA:387,0
FN:393,BlackScholes._stdNormalCDFDenom
FNDA:0,BlackScholes._stdNormalCDFDenom
DA:394,0
DA:395,0
DA:396,0
FN:404,BlackScholes._annualise
FNDA:0,BlackScholes._annualise
DA:405,0
FN:409,BlackScholes.abs
FNDA:0,BlackScholes.abs
DA:410,0
FNF:18
FNH:0
LF:100
LH:0
BRF:20
BRH:0
end_of_record
TN:
SF:src/DecimalMath.sol
FN:47,DecimalMath.unit
FNDA:0,DecimalMath.unit
DA:48,0
FN:54,DecimalMath.preciseUnit
FNDA:0,DecimalMath.preciseUnit
DA:55,0
FN:67,DecimalMath.multiplyDecimal
FNDA:0,DecimalMath.multiplyDecimal
DA:69,0
FN:84,DecimalMath._multiplyDecimalRound
FNDA:0,DecimalMath._multiplyDecimalRound
DA:86,0
DA:88,0
BRDA:88,0,0,-
BRDA:88,0,1,-
DA:89,0
DA:92,0
FN:107,DecimalMath.multiplyDecimalRoundPrecise
FNDA:0,DecimalMath.multiplyDecimalRoundPrecise
DA:108,0
FN:123,DecimalMath.multiplyDecimalRound
FNDA:0,DecimalMath.multiplyDecimalRound
DA:124,0
FN:136,DecimalMath.divideDecimal
FNDA:0,DecimalMath.divideDecimal
DA:138,0
FN:149,DecimalMath._divideDecimalRound
FNDA:0,DecimalMath._divideDecimalRound
DA:150,0
DA:152,0
BRDA:152,1,0,-
BRDA:152,1,1,-
DA:153,0
DA:156,0
FN:167,DecimalMath.divideDecimalRound
FNDA:0,DecimalMath.divideDecimalRound
DA:168,0
FN:179,DecimalMath.divideDecimalRoundPrecise
FNDA:0,DecimalMath.divideDecimalRoundPrecise
DA:180,0
FN:186,DecimalMath.decimalToPreciseDecimal
FNDA:0,DecimalMath.decimalToPreciseDecimal
DA:187,0
FN:193,DecimalMath.preciseDecimalToDecimal
FNDA:0,DecimalMath.preciseDecimalToDecimal
DA:194,0
DA:196,0
BRDA:196,2,0,-
BRDA:196,2,1,-
DA:197,0
DA:200,0
FNF:12
FNH:0
LF:21
LH:0
BRF:6
BRH:0
end_of_record
TN:
SF:src/FixedPointMathLib.sol
FN:8,FixedPointMathLib.lnPrecise
FNDA:0,FixedPointMathLib.lnPrecise
DA:9,0
FN:13,FixedPointMathLib.expPrecise
FNDA:0,FixedPointMathLib.expPrecise
DA:14,0
FN:20,FixedPointMathLib.ln
FNDA:0,FixedPointMathLib.ln
DA:22,0
BRDA:22,0,0,-
BRDA:22,0,1,-
DA:23,0
BRDA:23,1,0,-
BRDA:23,1,1,-
DA:24,0
DA:35,0
DA:36,0
DA:37,0
DA:41,0
DA:42,0
DA:43,0
DA:44,0
DA:45,0
DA:46,0
DA:47,0
DA:51,0
DA:52,0
DA:53,0
DA:54,0
DA:55,0
DA:56,0
DA:57,0
DA:62,0
DA:72,0
DA:74,0
DA:76,0
DA:78,0
FN:86,FixedPointMathLib.ilog2
FNDA:0,FixedPointMathLib.ilog2
DA:88,0
DA:89,0
DA:90,0
DA:91,0
DA:92,0
DA:93,0
DA:94,0
DA:95,0
FN:100,FixedPointMathLib.exp
FNDA:0,FixedPointMathLib.exp
DA:106,0
BRDA:106,2,0,-
BRDA:106,2,1,-
DA:107,0
DA:112,0
BRDA:112,3,0,-
BRDA:112,3,1,-
DA:117,0
DA:122,0
DA:123,0
DA:128,0
DA:129,0
DA:130,0
DA:131,0
DA:132,0
DA:135,0
DA:136,0
DA:137,0
DA:138,0
DA:139,0
DA:140,0
DA:145,0
DA:155,0
FNF:5
FNH:0
LF:54
LH:0
BRF:8
BRH:0
end_of_record
TN:
SF:src/SignedDecimalMath.sol
FN:46,SignedDecimalMath.unit
FNDA:0,SignedDecimalMath.unit
DA:47,0
FN:53,SignedDecimalMath.preciseUnit
FNDA:0,SignedDecimalMath.preciseUnit
DA:54,0
FN:63,SignedDecimalMath._roundDividingByTen
FNDA:0,SignedDecimalMath._roundDividingByTen
DA:64,0
DA:65,0
BRDA:65,0,0,-
BRDA:65,0,1,-
DA:66,0
DA:67,0
BRDA:67,1,0,-
BRDA:67,1,1,-
DA:68,0
DA:70,0
FN:82,SignedDecimalMath.multiplyDecimal
FNDA:0,SignedDecimalMath.multiplyDecimal
DA:84,0
FN:99,SignedDecimalMath._multiplyDecimalRound
FNDA:0,SignedDecimalMath._multiplyDecimalRound
DA:101,0
DA:102,0
FN:117,SignedDecimalMath.multiplyDecimalRoundPrecise
FNDA:0,SignedDecimalMath.multiplyDecimalRoundPrecise
DA:118,0
FN:133,SignedDecimalMath.multiplyDecimalRound
FNDA:0,SignedDecimalMath.multiplyDecimalRound
DA:134,0
FN:146,SignedDecimalMath.divideDecimal
FNDA:0,SignedDecimalMath.divideDecimal
DA:148,0
FN:159,SignedDecimalMath._divideDecimalRound
FNDA:0,SignedDecimalMath._divideDecimalRound
DA:160,0
DA:161,0
FN:172,SignedDecimalMath.divideDecimalRound
FNDA:0,SignedDecimalMath.divideDecimalRound
DA:173,0
FN:184,SignedDecimalMath.divideDecimalRoundPrecise
FNDA:0,SignedDecimalMath.divideDecimalRoundPrecise
DA:185,0
FN:191,SignedDecimalMath.decimalToPreciseDecimal
FNDA:0,SignedDecimalMath.decimalToPreciseDecimal
DA:192,0
FN:198,SignedDecimalMath.preciseDecimalToDecimal
FNDA:0,SignedDecimalMath.preciseDecimalToDecimal
DA:199,0
DA:200,0
FNF:13
FNH:0
LF:21
LH:0
BRF:4
BRH:0
end_of_record
TN:
SF:test/Deployments.sol
FN:32,HasFunds.get_funds
FNDA:0,HasFunds.get_funds
DA:34,0
DA:35,0
DA:36,0
DA:37,0
DA:38,0
DA:39,0
DA:40,0
DA:41,0
DA:42,0
DA:43,0
FNF:1
FNH:0
LF:10
LH:0
BRF:0
BRH:0
end_of_record
TN:
SF:test/test_FeeStreamer.sol
FN:11,FS._reserveFees
FNDA:1,FS._reserveFees
DA:12,1
FNF:1
FNH:1
LF:1
LH:1
BRF:0
BRH:0
end_of_record
